2024-04-16 20:20:47,100 - DEBUG - Initializing Board with FEN: 8/8/8/3q4/8/8/3K4/8 w - - 0 1
2024-04-16 20:20:47,101 - DEBUG - Board initialized with FEN: 8/8/8/3q4/8/8/3K4/8 w - - 0 1
2024-04-16 20:20:47,101 - DEBUG - Initial board state:
. . . . . . . . 
. . . . . . . . 
. . . . . . . . 
. . . ♛ . . . . 
. . . . . . . . 
. . . . . . . . 
. . . ♔ . . . . 
. . . . . . . . 

2024-04-16 20:20:47,101 - DEBUG - Checking if move: d2 -> d3 is legal..
2024-04-16 20:20:47,102 - DEBUG - Board state after simulated move:
. . . . . . . . 
. . . . . . . . 
. . . . . . . . 
. . . ♛ . . . . 
. . . . . . . . 
. . . ♔ . . . . 
. . . . . . . . 
. . . . . . . . 

2024-04-16 20:20:47,102 - DEBUG - Checking if king is in check for WHITE from is move legal
2024-04-16 20:20:47,102 - DEBUG - King is in check, illegal move.
2024-04-16 20:20:47,103 - DEBUG - Initializing Board with FEN: 8/8/8/3q4/3k4/8/8/8 b - - 0 1
2024-04-16 20:20:47,103 - DEBUG - Initializing Board with FEN: 8/8/8/3q4/3k4/8/8/8 b - - 0 1
2024-04-16 20:20:47,104 - DEBUG - Board initialized with FEN: 8/8/8/3q4/3k4/8/8/8 b - - 0 1
2024-04-16 20:20:47,104 - DEBUG - Board initialized with FEN: 8/8/8/3q4/3k4/8/8/8 b - - 0 1
2024-04-16 20:20:47,104 - DEBUG - Initial board state:
. . . . . . . . 
. . . . . . . . 
. . . . . . . . 
. . . ♛ . . . . 
. . . ♚ . . . . 
. . . . . . . . 
. . . . . . . . 
. . . . . . . . 

2024-04-16 20:20:47,104 - DEBUG - Initial board state:
. . . . . . . . 
. . . . . . . . 
. . . . . . . . 
. . . ♛ . . . . 
. . . ♚ . . . . 
. . . . . . . . 
. . . . . . . . 
. . . . . . . . 

2024-04-16 20:20:47,104 - DEBUG - Checking if move: d4 -> d5 is legal..
2024-04-16 20:20:47,104 - DEBUG - Checking if move: d4 -> d5 is legal..
2024-04-16 20:20:47,105 - DEBUG - Board state after simulated move:
. . . . . . . . 
. . . . . . . . 
. . . . . . . . 
. . . ♚ . . . . 
. . . . . . . . 
. . . . . . . . 
. . . . . . . . 
. . . . . . . . 

2024-04-16 20:20:47,105 - DEBUG - Board state after simulated move:
. . . . . . . . 
. . . . . . . . 
. . . . . . . . 
. . . ♚ . . . . 
. . . . . . . . 
. . . . . . . . 
. . . . . . . . 
. . . . . . . . 

2024-04-16 20:20:47,105 - DEBUG - Checking if king is in check for BLACK from is move legal
2024-04-16 20:20:47,105 - DEBUG - Checking if king is in check for BLACK from is move legal
2024-04-16 20:20:47,105 - DEBUG - King is not in check, legal move.
2024-04-16 20:20:47,105 - DEBUG - King is not in check, legal move.
2024-04-16 20:20:47,106 - DEBUG - Initializing Board with FEN: 8/8/8/8/8/2N5/3K4/8 w - - 0 1
2024-04-16 20:20:47,106 - DEBUG - Initializing Board with FEN: 8/8/8/8/8/2N5/3K4/8 w - - 0 1
2024-04-16 20:20:47,106 - DEBUG - Initializing Board with FEN: 8/8/8/8/8/2N5/3K4/8 w - - 0 1
2024-04-16 20:20:47,106 - DEBUG - Board initialized with FEN: 8/8/8/8/8/2N5/3K4/8 w - - 0 1
2024-04-16 20:20:47,106 - DEBUG - Board initialized with FEN: 8/8/8/8/8/2N5/3K4/8 w - - 0 1
2024-04-16 20:20:47,106 - DEBUG - Board initialized with FEN: 8/8/8/8/8/2N5/3K4/8 w - - 0 1
2024-04-16 20:20:47,106 - DEBUG - Initial board state:
. . . . . . . . 
. . . . . . . . 
. . . . . . . . 
. . . . . . . . 
. . . . . . . . 
. . ♘ . . . . . 
. . . ♔ . . . . 
. . . . . . . . 

2024-04-16 20:20:47,106 - DEBUG - Initial board state:
. . . . . . . . 
. . . . . . . . 
. . . . . . . . 
. . . . . . . . 
. . . . . . . . 
. . ♘ . . . . . 
. . . ♔ . . . . 
. . . . . . . . 

2024-04-16 20:20:47,106 - DEBUG - Initial board state:
. . . . . . . . 
. . . . . . . . 
. . . . . . . . 
. . . . . . . . 
. . . . . . . . 
. . ♘ . . . . . 
. . . ♔ . . . . 
. . . . . . . . 

2024-04-16 20:20:47,106 - DEBUG - Checking if move: c3 -> b5 is legal..
2024-04-16 20:20:47,106 - DEBUG - Checking if move: c3 -> b5 is legal..
2024-04-16 20:20:47,106 - DEBUG - Checking if move: c3 -> b5 is legal..
2024-04-16 20:20:47,107 - DEBUG - Board state after simulated move:
. . . . . . . . 
. . . . . . . . 
. . . . . . . . 
. ♘ . . . . . . 
. . . . . . . . 
. . . . . . . . 
. . . ♔ . . . . 
. . . . . . . . 

2024-04-16 20:20:47,107 - DEBUG - Board state after simulated move:
. . . . . . . . 
. . . . . . . . 
. . . . . . . . 
. ♘ . . . . . . 
. . . . . . . . 
. . . . . . . . 
. . . ♔ . . . . 
. . . . . . . . 

2024-04-16 20:20:47,107 - DEBUG - Board state after simulated move:
. . . . . . . . 
. . . . . . . . 
. . . . . . . . 
. ♘ . . . . . . 
. . . . . . . . 
. . . . . . . . 
. . . ♔ . . . . 
. . . . . . . . 

2024-04-16 20:20:47,107 - DEBUG - Checking if king is in check for WHITE from is move legal
2024-04-16 20:20:47,107 - DEBUG - Checking if king is in check for WHITE from is move legal
2024-04-16 20:20:47,107 - DEBUG - Checking if king is in check for WHITE from is move legal
2024-04-16 20:20:47,107 - DEBUG - King is not in check, legal move.
2024-04-16 20:20:47,107 - DEBUG - King is not in check, legal move.
2024-04-16 20:20:47,107 - DEBUG - King is not in check, legal move.
2024-04-16 20:20:47,108 - DEBUG - Initializing Board with FEN: 8/8/8/3q4/3k4/8/8/8 b - - 0 1
2024-04-16 20:20:47,108 - DEBUG - Initializing Board with FEN: 8/8/8/3q4/3k4/8/8/8 b - - 0 1
2024-04-16 20:20:47,108 - DEBUG - Initializing Board with FEN: 8/8/8/3q4/3k4/8/8/8 b - - 0 1
2024-04-16 20:20:47,108 - DEBUG - Initializing Board with FEN: 8/8/8/3q4/3k4/8/8/8 b - - 0 1
2024-04-16 20:20:47,108 - DEBUG - Board initialized with FEN: 8/8/8/3q4/3k4/8/8/8 b - - 0 1
2024-04-16 20:20:47,108 - DEBUG - Board initialized with FEN: 8/8/8/3q4/3k4/8/8/8 b - - 0 1
2024-04-16 20:20:47,108 - DEBUG - Board initialized with FEN: 8/8/8/3q4/3k4/8/8/8 b - - 0 1
2024-04-16 20:20:47,108 - DEBUG - Board initialized with FEN: 8/8/8/3q4/3k4/8/8/8 b - - 0 1
2024-04-16 20:20:47,108 - DEBUG - Initial board state:
. . . . . . . . 
. . . . . . . . 
. . . . . . . . 
. . . ♛ . . . . 
. . . ♚ . . . . 
. . . . . . . . 
. . . . . . . . 
. . . . . . . . 

2024-04-16 20:20:47,108 - DEBUG - Initial board state:
. . . . . . . . 
. . . . . . . . 
. . . . . . . . 
. . . ♛ . . . . 
. . . ♚ . . . . 
. . . . . . . . 
. . . . . . . . 
. . . . . . . . 

2024-04-16 20:20:47,108 - DEBUG - Initial board state:
. . . . . . . . 
. . . . . . . . 
. . . . . . . . 
. . . ♛ . . . . 
. . . ♚ . . . . 
. . . . . . . . 
. . . . . . . . 
. . . . . . . . 

2024-04-16 20:20:47,108 - DEBUG - Initial board state:
. . . . . . . . 
. . . . . . . . 
. . . . . . . . 
. . . ♛ . . . . 
. . . ♚ . . . . 
. . . . . . . . 
. . . . . . . . 
. . . . . . . . 

2024-04-16 20:20:47,109 - DEBUG - Checking if move: d4 -> d5 is legal..
2024-04-16 20:20:47,109 - DEBUG - Checking if move: d4 -> d5 is legal..
2024-04-16 20:20:47,109 - DEBUG - Checking if move: d4 -> d5 is legal..
2024-04-16 20:20:47,109 - DEBUG - Checking if move: d4 -> d5 is legal..
2024-04-16 20:20:47,109 - DEBUG - Board state after simulated move:
. . . . . . . . 
. . . . . . . . 
. . . . . . . . 
. . . ♚ . . . . 
. . . . . . . . 
. . . . . . . . 
. . . . . . . . 
. . . . . . . . 

2024-04-16 20:20:47,109 - DEBUG - Board state after simulated move:
. . . . . . . . 
. . . . . . . . 
. . . . . . . . 
. . . ♚ . . . . 
. . . . . . . . 
. . . . . . . . 
. . . . . . . . 
. . . . . . . . 

2024-04-16 20:20:47,109 - DEBUG - Board state after simulated move:
. . . . . . . . 
. . . . . . . . 
. . . . . . . . 
. . . ♚ . . . . 
. . . . . . . . 
. . . . . . . . 
. . . . . . . . 
. . . . . . . . 

2024-04-16 20:20:47,109 - DEBUG - Board state after simulated move:
. . . . . . . . 
. . . . . . . . 
. . . . . . . . 
. . . ♚ . . . . 
. . . . . . . . 
. . . . . . . . 
. . . . . . . . 
. . . . . . . . 

2024-04-16 20:20:47,109 - DEBUG - Checking if king is in check for BLACK from is move legal
2024-04-16 20:20:47,109 - DEBUG - Checking if king is in check for BLACK from is move legal
2024-04-16 20:20:47,109 - DEBUG - Checking if king is in check for BLACK from is move legal
2024-04-16 20:20:47,109 - DEBUG - Checking if king is in check for BLACK from is move legal
2024-04-16 20:20:47,110 - DEBUG - King is not in check, legal move.
2024-04-16 20:20:47,110 - DEBUG - King is not in check, legal move.
2024-04-16 20:20:47,110 - DEBUG - King is not in check, legal move.
2024-04-16 20:20:47,110 - DEBUG - King is not in check, legal move.
2024-04-16 20:20:47,211 - DEBUG - Initializing Board with FEN: 8/8/8/8/p4K2/8/8/r1k5 b - - 0 1
2024-04-16 20:20:47,211 - DEBUG - Initializing Board with FEN: 8/8/8/8/p4K2/8/8/r1k5 b - - 0 1
2024-04-16 20:20:47,211 - DEBUG - Initializing Board with FEN: 8/8/8/8/p4K2/8/8/r1k5 b - - 0 1
2024-04-16 20:20:47,211 - DEBUG - Initializing Board with FEN: 8/8/8/8/p4K2/8/8/r1k5 b - - 0 1
2024-04-16 20:20:47,211 - DEBUG - Initializing Board with FEN: 8/8/8/8/p4K2/8/8/r1k5 b - - 0 1
2024-04-16 20:20:47,212 - DEBUG - Board initialized with FEN: 8/8/8/8/p4K2/8/8/r1k5 b - - 0 1
2024-04-16 20:20:47,212 - DEBUG - Board initialized with FEN: 8/8/8/8/p4K2/8/8/r1k5 b - - 0 1
2024-04-16 20:20:47,212 - DEBUG - Board initialized with FEN: 8/8/8/8/p4K2/8/8/r1k5 b - - 0 1
2024-04-16 20:20:47,212 - DEBUG - Board initialized with FEN: 8/8/8/8/p4K2/8/8/r1k5 b - - 0 1
2024-04-16 20:20:47,212 - DEBUG - Board initialized with FEN: 8/8/8/8/p4K2/8/8/r1k5 b - - 0 1
2024-04-16 20:20:47,212 - DEBUG - Initial board state:
. . . . . . . . 
. . . . . . . . 
. . . . . . . . 
. . . . . . . . 
♟︎ . . . . ♔ . . 
. . . . . . . . 
. . . . . . . . 
♜ . ♚ . . . . . 

2024-04-16 20:20:47,212 - DEBUG - Initial board state:
. . . . . . . . 
. . . . . . . . 
. . . . . . . . 
. . . . . . . . 
♟︎ . . . . ♔ . . 
. . . . . . . . 
. . . . . . . . 
♜ . ♚ . . . . . 

2024-04-16 20:20:47,212 - DEBUG - Initial board state:
. . . . . . . . 
. . . . . . . . 
. . . . . . . . 
. . . . . . . . 
♟︎ . . . . ♔ . . 
. . . . . . . . 
. . . . . . . . 
♜ . ♚ . . . . . 

2024-04-16 20:20:47,212 - DEBUG - Initial board state:
. . . . . . . . 
. . . . . . . . 
. . . . . . . . 
. . . . . . . . 
♟︎ . . . . ♔ . . 
. . . . . . . . 
. . . . . . . . 
♜ . ♚ . . . . . 

2024-04-16 20:20:47,212 - DEBUG - Initial board state:
. . . . . . . . 
. . . . . . . . 
. . . . . . . . 
. . . . . . . . 
♟︎ . . . . ♔ . . 
. . . . . . . . 
. . . . . . . . 
♜ . ♚ . . . . . 

2024-04-16 20:20:47,212 - DEBUG - Getting all legal moves with origin for player: BLACK
2024-04-16 20:20:47,212 - DEBUG - Getting all legal moves with origin for player: BLACK
2024-04-16 20:20:47,212 - DEBUG - Getting all legal moves with origin for player: BLACK
2024-04-16 20:20:47,212 - DEBUG - Getting all legal moves with origin for player: BLACK
2024-04-16 20:20:47,212 - DEBUG - Getting all legal moves with origin for player: BLACK
2024-04-16 20:20:47,212 - DEBUG - Getting pseudo legal with origin from get legal moves for a4
2024-04-16 20:20:47,212 - DEBUG - Getting pseudo legal with origin from get legal moves for a4
2024-04-16 20:20:47,212 - DEBUG - Getting pseudo legal with origin from get legal moves for a4
2024-04-16 20:20:47,212 - DEBUG - Getting pseudo legal with origin from get legal moves for a4
2024-04-16 20:20:47,212 - DEBUG - Getting pseudo legal with origin from get legal moves for a4
2024-04-16 20:20:47,212 - DEBUG - Generating pseudo-legal moves for position a4
2024-04-16 20:20:47,212 - DEBUG - Generating pseudo-legal moves for position a4
2024-04-16 20:20:47,212 - DEBUG - Generating pseudo-legal moves for position a4
2024-04-16 20:20:47,212 - DEBUG - Generating pseudo-legal moves for position a4
2024-04-16 20:20:47,212 - DEBUG - Generating pseudo-legal moves for position a4
2024-04-16 20:20:47,212 - DEBUG - Getting piece at position: a4
2024-04-16 20:20:47,212 - DEBUG - Getting piece at position: a4
2024-04-16 20:20:47,212 - DEBUG - Getting piece at position: a4
2024-04-16 20:20:47,212 - DEBUG - Getting piece at position: a4
2024-04-16 20:20:47,212 - DEBUG - Getting piece at position: a4
2024-04-16 20:20:47,212 - DEBUG - Piece retrieved: <class 'engine.pieces.Pawn.Pawn'> at a4
2024-04-16 20:20:47,212 - DEBUG - Piece retrieved: <class 'engine.pieces.Pawn.Pawn'> at a4
2024-04-16 20:20:47,212 - DEBUG - Piece retrieved: <class 'engine.pieces.Pawn.Pawn'> at a4
2024-04-16 20:20:47,212 - DEBUG - Piece retrieved: <class 'engine.pieces.Pawn.Pawn'> at a4
2024-04-16 20:20:47,212 - DEBUG - Piece retrieved: <class 'engine.pieces.Pawn.Pawn'> at a4
2024-04-16 20:20:47,212 - DEBUG - Getting piece at position: a3
2024-04-16 20:20:47,212 - DEBUG - Getting piece at position: a3
2024-04-16 20:20:47,212 - DEBUG - Getting piece at position: a3
2024-04-16 20:20:47,212 - DEBUG - Getting piece at position: a3
2024-04-16 20:20:47,212 - DEBUG - Getting piece at position: a3
2024-04-16 20:20:47,212 - DEBUG - Piece retrieved: None
2024-04-16 20:20:47,212 - DEBUG - Piece retrieved: None
2024-04-16 20:20:47,212 - DEBUG - Piece retrieved: None
2024-04-16 20:20:47,212 - DEBUG - Piece retrieved: None
2024-04-16 20:20:47,212 - DEBUG - Piece retrieved: None
2024-04-16 20:20:47,212 - DEBUG - Getting castlable moves for king at a4
2024-04-16 20:20:47,212 - DEBUG - Getting castlable moves for king at a4
2024-04-16 20:20:47,212 - DEBUG - Getting castlable moves for king at a4
2024-04-16 20:20:47,212 - DEBUG - Getting castlable moves for king at a4
2024-04-16 20:20:47,212 - DEBUG - Getting castlable moves for king at a4
2024-04-16 20:20:47,213 - DEBUG - Getting piece at position: b3
2024-04-16 20:20:47,213 - DEBUG - Getting piece at position: b3
2024-04-16 20:20:47,213 - DEBUG - Getting piece at position: b3
2024-04-16 20:20:47,213 - DEBUG - Getting piece at position: b3
2024-04-16 20:20:47,213 - DEBUG - Getting piece at position: b3
2024-04-16 20:20:47,213 - DEBUG - Piece retrieved: None
2024-04-16 20:20:47,213 - DEBUG - Piece retrieved: None
2024-04-16 20:20:47,213 - DEBUG - Piece retrieved: None
2024-04-16 20:20:47,213 - DEBUG - Piece retrieved: None
2024-04-16 20:20:47,213 - DEBUG - Piece retrieved: None
2024-04-16 20:20:47,213 - DEBUG - Getting castlable moves for king at a4
2024-04-16 20:20:47,213 - DEBUG - Getting castlable moves for king at a4
2024-04-16 20:20:47,213 - DEBUG - Getting castlable moves for king at a4
2024-04-16 20:20:47,213 - DEBUG - Getting castlable moves for king at a4
2024-04-16 20:20:47,213 - DEBUG - Getting castlable moves for king at a4
2024-04-16 20:20:47,213 - DEBUG - Generated pseudo legal moves for a4: [a3]
2024-04-16 20:20:47,213 - DEBUG - Generated pseudo legal moves for a4: [a3]
2024-04-16 20:20:47,213 - DEBUG - Generated pseudo legal moves for a4: [a3]
2024-04-16 20:20:47,213 - DEBUG - Generated pseudo legal moves for a4: [a3]
2024-04-16 20:20:47,213 - DEBUG - Generated pseudo legal moves for a4: [a3]
2024-04-16 20:20:47,213 - DEBUG - Checking if move: a4 -> a3 is legal..
2024-04-16 20:20:47,213 - DEBUG - Checking if move: a4 -> a3 is legal..
2024-04-16 20:20:47,213 - DEBUG - Checking if move: a4 -> a3 is legal..
2024-04-16 20:20:47,213 - DEBUG - Checking if move: a4 -> a3 is legal..
2024-04-16 20:20:47,213 - DEBUG - Checking if move: a4 -> a3 is legal..
2024-04-16 20:20:47,213 - DEBUG - Board state after simulated move:
. . . . . . . . 
. . . . . . . . 
. . . . . . . . 
. . . . . . . . 
. . . . . ♔ . . 
♟︎ . . . . . . . 
. . . . . . . . 
♜ . ♚ . . . . . 

2024-04-16 20:20:47,213 - DEBUG - Board state after simulated move:
. . . . . . . . 
. . . . . . . . 
. . . . . . . . 
. . . . . . . . 
. . . . . ♔ . . 
♟︎ . . . . . . . 
. . . . . . . . 
♜ . ♚ . . . . . 

2024-04-16 20:20:47,213 - DEBUG - Board state after simulated move:
. . . . . . . . 
. . . . . . . . 
. . . . . . . . 
. . . . . . . . 
. . . . . ♔ . . 
♟︎ . . . . . . . 
. . . . . . . . 
♜ . ♚ . . . . . 

2024-04-16 20:20:47,213 - DEBUG - Board state after simulated move:
. . . . . . . . 
. . . . . . . . 
. . . . . . . . 
. . . . . . . . 
. . . . . ♔ . . 
♟︎ . . . . . . . 
. . . . . . . . 
♜ . ♚ . . . . . 

2024-04-16 20:20:47,213 - DEBUG - Board state after simulated move:
. . . . . . . . 
. . . . . . . . 
. . . . . . . . 
. . . . . . . . 
. . . . . ♔ . . 
♟︎ . . . . . . . 
. . . . . . . . 
♜ . ♚ . . . . . 

2024-04-16 20:20:47,214 - DEBUG - Checking if king is in check for BLACK from is move legal
2024-04-16 20:20:47,214 - DEBUG - Checking if king is in check for BLACK from is move legal
2024-04-16 20:20:47,214 - DEBUG - Checking if king is in check for BLACK from is move legal
2024-04-16 20:20:47,214 - DEBUG - Checking if king is in check for BLACK from is move legal
2024-04-16 20:20:47,214 - DEBUG - Checking if king is in check for BLACK from is move legal
2024-04-16 20:20:47,214 - DEBUG - King is not in check, legal move.
2024-04-16 20:20:47,214 - DEBUG - King is not in check, legal move.
2024-04-16 20:20:47,214 - DEBUG - King is not in check, legal move.
2024-04-16 20:20:47,214 - DEBUG - King is not in check, legal move.
2024-04-16 20:20:47,214 - DEBUG - King is not in check, legal move.
2024-04-16 20:20:47,214 - DEBUG - Getting piece at position: a4
2024-04-16 20:20:47,214 - DEBUG - Getting piece at position: a4
2024-04-16 20:20:47,214 - DEBUG - Getting piece at position: a4
2024-04-16 20:20:47,214 - DEBUG - Getting piece at position: a4
2024-04-16 20:20:47,214 - DEBUG - Getting piece at position: a4
2024-04-16 20:20:47,214 - DEBUG - Piece retrieved: <class 'engine.pieces.Pawn.Pawn'> at a4
2024-04-16 20:20:47,214 - DEBUG - Piece retrieved: <class 'engine.pieces.Pawn.Pawn'> at a4
2024-04-16 20:20:47,214 - DEBUG - Piece retrieved: <class 'engine.pieces.Pawn.Pawn'> at a4
2024-04-16 20:20:47,214 - DEBUG - Piece retrieved: <class 'engine.pieces.Pawn.Pawn'> at a4
2024-04-16 20:20:47,214 - DEBUG - Piece retrieved: <class 'engine.pieces.Pawn.Pawn'> at a4
2024-04-16 20:20:47,214 - DEBUG - Legal moves for position a4: [p: a4 -> a3 ]
2024-04-16 20:20:47,214 - DEBUG - Legal moves for position a4: [p: a4 -> a3 ]
2024-04-16 20:20:47,214 - DEBUG - Legal moves for position a4: [p: a4 -> a3 ]
2024-04-16 20:20:47,214 - DEBUG - Legal moves for position a4: [p: a4 -> a3 ]
2024-04-16 20:20:47,214 - DEBUG - Legal moves for position a4: [p: a4 -> a3 ]
2024-04-16 20:20:47,214 - DEBUG - Getting pseudo legal with origin from get legal moves for a1
2024-04-16 20:20:47,214 - DEBUG - Getting pseudo legal with origin from get legal moves for a1
2024-04-16 20:20:47,214 - DEBUG - Getting pseudo legal with origin from get legal moves for a1
2024-04-16 20:20:47,214 - DEBUG - Getting pseudo legal with origin from get legal moves for a1
2024-04-16 20:20:47,214 - DEBUG - Getting pseudo legal with origin from get legal moves for a1
2024-04-16 20:20:47,214 - DEBUG - Generating pseudo-legal moves for position a1
2024-04-16 20:20:47,214 - DEBUG - Generating pseudo-legal moves for position a1
2024-04-16 20:20:47,214 - DEBUG - Generating pseudo-legal moves for position a1
2024-04-16 20:20:47,214 - DEBUG - Generating pseudo-legal moves for position a1
2024-04-16 20:20:47,214 - DEBUG - Generating pseudo-legal moves for position a1
2024-04-16 20:20:47,214 - DEBUG - Getting piece at position: a1
2024-04-16 20:20:47,214 - DEBUG - Getting piece at position: a1
2024-04-16 20:20:47,214 - DEBUG - Getting piece at position: a1
2024-04-16 20:20:47,214 - DEBUG - Getting piece at position: a1
2024-04-16 20:20:47,214 - DEBUG - Getting piece at position: a1
2024-04-16 20:20:47,214 - DEBUG - Piece retrieved: <class 'engine.pieces.Rook.Rook'> at a1
2024-04-16 20:20:47,214 - DEBUG - Piece retrieved: <class 'engine.pieces.Rook.Rook'> at a1
2024-04-16 20:20:47,214 - DEBUG - Piece retrieved: <class 'engine.pieces.Rook.Rook'> at a1
2024-04-16 20:20:47,214 - DEBUG - Piece retrieved: <class 'engine.pieces.Rook.Rook'> at a1
2024-04-16 20:20:47,214 - DEBUG - Piece retrieved: <class 'engine.pieces.Rook.Rook'> at a1
2024-04-16 20:20:47,214 - DEBUG - Getting piece at position: b1
2024-04-16 20:20:47,214 - DEBUG - Getting piece at position: b1
2024-04-16 20:20:47,214 - DEBUG - Getting piece at position: b1
2024-04-16 20:20:47,214 - DEBUG - Getting piece at position: b1
2024-04-16 20:20:47,214 - DEBUG - Getting piece at position: b1
2024-04-16 20:20:47,214 - DEBUG - Piece retrieved: None
2024-04-16 20:20:47,214 - DEBUG - Piece retrieved: None
2024-04-16 20:20:47,214 - DEBUG - Piece retrieved: None
2024-04-16 20:20:47,214 - DEBUG - Piece retrieved: None
2024-04-16 20:20:47,214 - DEBUG - Piece retrieved: None
2024-04-16 20:20:47,214 - DEBUG - Getting castlable moves for king at a1
2024-04-16 20:20:47,214 - DEBUG - Getting castlable moves for king at a1
2024-04-16 20:20:47,214 - DEBUG - Getting castlable moves for king at a1
2024-04-16 20:20:47,214 - DEBUG - Getting castlable moves for king at a1
2024-04-16 20:20:47,214 - DEBUG - Getting castlable moves for king at a1
2024-04-16 20:20:47,214 - DEBUG - Getting piece at position: c1
2024-04-16 20:20:47,214 - DEBUG - Getting piece at position: c1
2024-04-16 20:20:47,214 - DEBUG - Getting piece at position: c1
2024-04-16 20:20:47,214 - DEBUG - Getting piece at position: c1
2024-04-16 20:20:47,214 - DEBUG - Getting piece at position: c1
2024-04-16 20:20:47,214 - DEBUG - Piece retrieved: <class 'engine.pieces.King.King'> at c1
2024-04-16 20:20:47,214 - DEBUG - Piece retrieved: <class 'engine.pieces.King.King'> at c1
2024-04-16 20:20:47,214 - DEBUG - Piece retrieved: <class 'engine.pieces.King.King'> at c1
2024-04-16 20:20:47,214 - DEBUG - Piece retrieved: <class 'engine.pieces.King.King'> at c1
2024-04-16 20:20:47,214 - DEBUG - Piece retrieved: <class 'engine.pieces.King.King'> at c1
2024-04-16 20:20:47,215 - DEBUG - Getting piece at position: a2
2024-04-16 20:20:47,215 - DEBUG - Getting piece at position: a2
2024-04-16 20:20:47,215 - DEBUG - Getting piece at position: a2
2024-04-16 20:20:47,215 - DEBUG - Getting piece at position: a2
2024-04-16 20:20:47,215 - DEBUG - Getting piece at position: a2
2024-04-16 20:20:47,215 - DEBUG - Piece retrieved: None
2024-04-16 20:20:47,215 - DEBUG - Piece retrieved: None
2024-04-16 20:20:47,215 - DEBUG - Piece retrieved: None
2024-04-16 20:20:47,215 - DEBUG - Piece retrieved: None
2024-04-16 20:20:47,215 - DEBUG - Piece retrieved: None
2024-04-16 20:20:47,215 - DEBUG - Getting castlable moves for king at a1
2024-04-16 20:20:47,215 - DEBUG - Getting castlable moves for king at a1
2024-04-16 20:20:47,215 - DEBUG - Getting castlable moves for king at a1
2024-04-16 20:20:47,215 - DEBUG - Getting castlable moves for king at a1
2024-04-16 20:20:47,215 - DEBUG - Getting castlable moves for king at a1
2024-04-16 20:20:47,215 - DEBUG - Getting piece at position: a3
2024-04-16 20:20:47,215 - DEBUG - Getting piece at position: a3
2024-04-16 20:20:47,215 - DEBUG - Getting piece at position: a3
2024-04-16 20:20:47,215 - DEBUG - Getting piece at position: a3
2024-04-16 20:20:47,215 - DEBUG - Getting piece at position: a3
2024-04-16 20:20:47,215 - DEBUG - Piece retrieved: None
2024-04-16 20:20:47,215 - DEBUG - Piece retrieved: None
2024-04-16 20:20:47,215 - DEBUG - Piece retrieved: None
2024-04-16 20:20:47,215 - DEBUG - Piece retrieved: None
2024-04-16 20:20:47,215 - DEBUG - Piece retrieved: None
2024-04-16 20:20:47,215 - DEBUG - Getting castlable moves for king at a1
2024-04-16 20:20:47,215 - DEBUG - Getting castlable moves for king at a1
2024-04-16 20:20:47,215 - DEBUG - Getting castlable moves for king at a1
2024-04-16 20:20:47,215 - DEBUG - Getting castlable moves for king at a1
2024-04-16 20:20:47,215 - DEBUG - Getting castlable moves for king at a1
2024-04-16 20:20:47,215 - DEBUG - Getting piece at position: a4
2024-04-16 20:20:47,215 - DEBUG - Getting piece at position: a4
2024-04-16 20:20:47,215 - DEBUG - Getting piece at position: a4
2024-04-16 20:20:47,215 - DEBUG - Getting piece at position: a4
2024-04-16 20:20:47,215 - DEBUG - Getting piece at position: a4
2024-04-16 20:20:47,215 - DEBUG - Piece retrieved: <class 'engine.pieces.Pawn.Pawn'> at a4
2024-04-16 20:20:47,215 - DEBUG - Piece retrieved: <class 'engine.pieces.Pawn.Pawn'> at a4
2024-04-16 20:20:47,215 - DEBUG - Piece retrieved: <class 'engine.pieces.Pawn.Pawn'> at a4
2024-04-16 20:20:47,215 - DEBUG - Piece retrieved: <class 'engine.pieces.Pawn.Pawn'> at a4
2024-04-16 20:20:47,215 - DEBUG - Piece retrieved: <class 'engine.pieces.Pawn.Pawn'> at a4
2024-04-16 20:20:47,215 - DEBUG - Generated pseudo legal moves for a1: [a3, a2, b1]
2024-04-16 20:20:47,215 - DEBUG - Generated pseudo legal moves for a1: [a3, a2, b1]
2024-04-16 20:20:47,215 - DEBUG - Generated pseudo legal moves for a1: [a3, a2, b1]
2024-04-16 20:20:47,215 - DEBUG - Generated pseudo legal moves for a1: [a3, a2, b1]
2024-04-16 20:20:47,215 - DEBUG - Generated pseudo legal moves for a1: [a3, a2, b1]
2024-04-16 20:20:47,215 - DEBUG - Checking if move: a1 -> a3 is legal..
2024-04-16 20:20:47,215 - DEBUG - Checking if move: a1 -> a3 is legal..
2024-04-16 20:20:47,215 - DEBUG - Checking if move: a1 -> a3 is legal..
2024-04-16 20:20:47,215 - DEBUG - Checking if move: a1 -> a3 is legal..
2024-04-16 20:20:47,215 - DEBUG - Checking if move: a1 -> a3 is legal..
2024-04-16 20:20:47,216 - DEBUG - Board state after simulated move:
. . . . . . . . 
. . . . . . . . 
. . . . . . . . 
. . . . . . . . 
♟︎ . . . . ♔ . . 
♜ . . . . . . . 
. . . . . . . . 
. . ♚ . . . . . 

2024-04-16 20:20:47,216 - DEBUG - Board state after simulated move:
. . . . . . . . 
. . . . . . . . 
. . . . . . . . 
. . . . . . . . 
♟︎ . . . . ♔ . . 
♜ . . . . . . . 
. . . . . . . . 
. . ♚ . . . . . 

2024-04-16 20:20:47,216 - DEBUG - Board state after simulated move:
. . . . . . . . 
. . . . . . . . 
. . . . . . . . 
. . . . . . . . 
♟︎ . . . . ♔ . . 
♜ . . . . . . . 
. . . . . . . . 
. . ♚ . . . . . 

2024-04-16 20:20:47,216 - DEBUG - Board state after simulated move:
. . . . . . . . 
. . . . . . . . 
. . . . . . . . 
. . . . . . . . 
♟︎ . . . . ♔ . . 
♜ . . . . . . . 
. . . . . . . . 
. . ♚ . . . . . 

2024-04-16 20:20:47,216 - DEBUG - Board state after simulated move:
. . . . . . . . 
. . . . . . . . 
. . . . . . . . 
. . . . . . . . 
♟︎ . . . . ♔ . . 
♜ . . . . . . . 
. . . . . . . . 
. . ♚ . . . . . 

2024-04-16 20:20:47,216 - DEBUG - Checking if king is in check for BLACK from is move legal
2024-04-16 20:20:47,216 - DEBUG - Checking if king is in check for BLACK from is move legal
2024-04-16 20:20:47,216 - DEBUG - Checking if king is in check for BLACK from is move legal
2024-04-16 20:20:47,216 - DEBUG - Checking if king is in check for BLACK from is move legal
2024-04-16 20:20:47,216 - DEBUG - Checking if king is in check for BLACK from is move legal
2024-04-16 20:20:47,216 - DEBUG - King is not in check, legal move.
2024-04-16 20:20:47,216 - DEBUG - King is not in check, legal move.
2024-04-16 20:20:47,216 - DEBUG - King is not in check, legal move.
2024-04-16 20:20:47,216 - DEBUG - King is not in check, legal move.
2024-04-16 20:20:47,216 - DEBUG - King is not in check, legal move.
2024-04-16 20:20:47,216 - DEBUG - Getting piece at position: a1
2024-04-16 20:20:47,216 - DEBUG - Getting piece at position: a1
2024-04-16 20:20:47,216 - DEBUG - Getting piece at position: a1
2024-04-16 20:20:47,216 - DEBUG - Getting piece at position: a1
2024-04-16 20:20:47,216 - DEBUG - Getting piece at position: a1
2024-04-16 20:20:47,216 - DEBUG - Piece retrieved: <class 'engine.pieces.Rook.Rook'> at a1
2024-04-16 20:20:47,216 - DEBUG - Piece retrieved: <class 'engine.pieces.Rook.Rook'> at a1
2024-04-16 20:20:47,216 - DEBUG - Piece retrieved: <class 'engine.pieces.Rook.Rook'> at a1
2024-04-16 20:20:47,216 - DEBUG - Piece retrieved: <class 'engine.pieces.Rook.Rook'> at a1
2024-04-16 20:20:47,216 - DEBUG - Piece retrieved: <class 'engine.pieces.Rook.Rook'> at a1
2024-04-16 20:20:47,216 - DEBUG - Checking if move: a1 -> a2 is legal..
2024-04-16 20:20:47,216 - DEBUG - Checking if move: a1 -> a2 is legal..
2024-04-16 20:20:47,216 - DEBUG - Checking if move: a1 -> a2 is legal..
2024-04-16 20:20:47,216 - DEBUG - Checking if move: a1 -> a2 is legal..
2024-04-16 20:20:47,216 - DEBUG - Checking if move: a1 -> a2 is legal..
2024-04-16 20:20:47,217 - DEBUG - Board state after simulated move:
. . . . . . . . 
. . . . . . . . 
. . . . . . . . 
. . . . . . . . 
♟︎ . . . . ♔ . . 
. . . . . . . . 
♜ . . . . . . . 
. . ♚ . . . . . 

2024-04-16 20:20:47,217 - DEBUG - Board state after simulated move:
. . . . . . . . 
. . . . . . . . 
. . . . . . . . 
. . . . . . . . 
♟︎ . . . . ♔ . . 
. . . . . . . . 
♜ . . . . . . . 
. . ♚ . . . . . 

2024-04-16 20:20:47,217 - DEBUG - Board state after simulated move:
. . . . . . . . 
. . . . . . . . 
. . . . . . . . 
. . . . . . . . 
♟︎ . . . . ♔ . . 
. . . . . . . . 
♜ . . . . . . . 
. . ♚ . . . . . 

2024-04-16 20:20:47,217 - DEBUG - Board state after simulated move:
. . . . . . . . 
. . . . . . . . 
. . . . . . . . 
. . . . . . . . 
♟︎ . . . . ♔ . . 
. . . . . . . . 
♜ . . . . . . . 
. . ♚ . . . . . 

2024-04-16 20:20:47,217 - DEBUG - Board state after simulated move:
. . . . . . . . 
. . . . . . . . 
. . . . . . . . 
. . . . . . . . 
♟︎ . . . . ♔ . . 
. . . . . . . . 
♜ . . . . . . . 
. . ♚ . . . . . 

2024-04-16 20:20:47,217 - DEBUG - Checking if king is in check for BLACK from is move legal
2024-04-16 20:20:47,217 - DEBUG - Checking if king is in check for BLACK from is move legal
2024-04-16 20:20:47,217 - DEBUG - Checking if king is in check for BLACK from is move legal
2024-04-16 20:20:47,217 - DEBUG - Checking if king is in check for BLACK from is move legal
2024-04-16 20:20:47,217 - DEBUG - Checking if king is in check for BLACK from is move legal
2024-04-16 20:20:47,217 - DEBUG - King is not in check, legal move.
2024-04-16 20:20:47,217 - DEBUG - King is not in check, legal move.
2024-04-16 20:20:47,217 - DEBUG - King is not in check, legal move.
2024-04-16 20:20:47,217 - DEBUG - King is not in check, legal move.
2024-04-16 20:20:47,217 - DEBUG - King is not in check, legal move.
2024-04-16 20:20:47,217 - DEBUG - Getting piece at position: a1
2024-04-16 20:20:47,217 - DEBUG - Getting piece at position: a1
2024-04-16 20:20:47,217 - DEBUG - Getting piece at position: a1
2024-04-16 20:20:47,217 - DEBUG - Getting piece at position: a1
2024-04-16 20:20:47,217 - DEBUG - Getting piece at position: a1
2024-04-16 20:20:47,217 - DEBUG - Piece retrieved: <class 'engine.pieces.Rook.Rook'> at a1
2024-04-16 20:20:47,217 - DEBUG - Piece retrieved: <class 'engine.pieces.Rook.Rook'> at a1
2024-04-16 20:20:47,217 - DEBUG - Piece retrieved: <class 'engine.pieces.Rook.Rook'> at a1
2024-04-16 20:20:47,217 - DEBUG - Piece retrieved: <class 'engine.pieces.Rook.Rook'> at a1
2024-04-16 20:20:47,217 - DEBUG - Piece retrieved: <class 'engine.pieces.Rook.Rook'> at a1
2024-04-16 20:20:47,217 - DEBUG - Checking if move: a1 -> b1 is legal..
2024-04-16 20:20:47,217 - DEBUG - Checking if move: a1 -> b1 is legal..
2024-04-16 20:20:47,217 - DEBUG - Checking if move: a1 -> b1 is legal..
2024-04-16 20:20:47,217 - DEBUG - Checking if move: a1 -> b1 is legal..
2024-04-16 20:20:47,217 - DEBUG - Checking if move: a1 -> b1 is legal..
2024-04-16 20:20:47,218 - DEBUG - Board state after simulated move:
. . . . . . . . 
. . . . . . . . 
. . . . . . . . 
. . . . . . . . 
♟︎ . . . . ♔ . . 
. . . . . . . . 
. . . . . . . . 
. ♜ ♚ . . . . . 

2024-04-16 20:20:47,218 - DEBUG - Board state after simulated move:
. . . . . . . . 
. . . . . . . . 
. . . . . . . . 
. . . . . . . . 
♟︎ . . . . ♔ . . 
. . . . . . . . 
. . . . . . . . 
. ♜ ♚ . . . . . 

2024-04-16 20:20:47,218 - DEBUG - Board state after simulated move:
. . . . . . . . 
. . . . . . . . 
. . . . . . . . 
. . . . . . . . 
♟︎ . . . . ♔ . . 
. . . . . . . . 
. . . . . . . . 
. ♜ ♚ . . . . . 

2024-04-16 20:20:47,218 - DEBUG - Board state after simulated move:
. . . . . . . . 
. . . . . . . . 
. . . . . . . . 
. . . . . . . . 
♟︎ . . . . ♔ . . 
. . . . . . . . 
. . . . . . . . 
. ♜ ♚ . . . . . 

2024-04-16 20:20:47,218 - DEBUG - Board state after simulated move:
. . . . . . . . 
. . . . . . . . 
. . . . . . . . 
. . . . . . . . 
♟︎ . . . . ♔ . . 
. . . . . . . . 
. . . . . . . . 
. ♜ ♚ . . . . . 

2024-04-16 20:20:47,218 - DEBUG - Checking if king is in check for BLACK from is move legal
2024-04-16 20:20:47,218 - DEBUG - Checking if king is in check for BLACK from is move legal
2024-04-16 20:20:47,218 - DEBUG - Checking if king is in check for BLACK from is move legal
2024-04-16 20:20:47,218 - DEBUG - Checking if king is in check for BLACK from is move legal
2024-04-16 20:20:47,218 - DEBUG - Checking if king is in check for BLACK from is move legal
2024-04-16 20:20:47,218 - DEBUG - King is not in check, legal move.
2024-04-16 20:20:47,218 - DEBUG - King is not in check, legal move.
2024-04-16 20:20:47,218 - DEBUG - King is not in check, legal move.
2024-04-16 20:20:47,218 - DEBUG - King is not in check, legal move.
2024-04-16 20:20:47,218 - DEBUG - King is not in check, legal move.
2024-04-16 20:20:47,218 - DEBUG - Getting piece at position: a1
2024-04-16 20:20:47,218 - DEBUG - Getting piece at position: a1
2024-04-16 20:20:47,218 - DEBUG - Getting piece at position: a1
2024-04-16 20:20:47,218 - DEBUG - Getting piece at position: a1
2024-04-16 20:20:47,218 - DEBUG - Getting piece at position: a1
2024-04-16 20:20:47,218 - DEBUG - Piece retrieved: <class 'engine.pieces.Rook.Rook'> at a1
2024-04-16 20:20:47,218 - DEBUG - Piece retrieved: <class 'engine.pieces.Rook.Rook'> at a1
2024-04-16 20:20:47,218 - DEBUG - Piece retrieved: <class 'engine.pieces.Rook.Rook'> at a1
2024-04-16 20:20:47,218 - DEBUG - Piece retrieved: <class 'engine.pieces.Rook.Rook'> at a1
2024-04-16 20:20:47,218 - DEBUG - Piece retrieved: <class 'engine.pieces.Rook.Rook'> at a1
2024-04-16 20:20:47,218 - DEBUG - Legal moves for position a1: [r: a1 -> b1 , r: a1 -> a3 , r: a1 -> a2 ]
2024-04-16 20:20:47,218 - DEBUG - Legal moves for position a1: [r: a1 -> b1 , r: a1 -> a3 , r: a1 -> a2 ]
2024-04-16 20:20:47,218 - DEBUG - Legal moves for position a1: [r: a1 -> b1 , r: a1 -> a3 , r: a1 -> a2 ]
2024-04-16 20:20:47,218 - DEBUG - Legal moves for position a1: [r: a1 -> b1 , r: a1 -> a3 , r: a1 -> a2 ]
2024-04-16 20:20:47,218 - DEBUG - Legal moves for position a1: [r: a1 -> b1 , r: a1 -> a3 , r: a1 -> a2 ]
2024-04-16 20:20:47,218 - DEBUG - Getting pseudo legal with origin from get legal moves for c1
2024-04-16 20:20:47,218 - DEBUG - Getting pseudo legal with origin from get legal moves for c1
2024-04-16 20:20:47,218 - DEBUG - Getting pseudo legal with origin from get legal moves for c1
2024-04-16 20:20:47,218 - DEBUG - Getting pseudo legal with origin from get legal moves for c1
2024-04-16 20:20:47,218 - DEBUG - Getting pseudo legal with origin from get legal moves for c1
2024-04-16 20:20:47,219 - DEBUG - Generating pseudo-legal moves for position c1
2024-04-16 20:20:47,219 - DEBUG - Generating pseudo-legal moves for position c1
2024-04-16 20:20:47,219 - DEBUG - Generating pseudo-legal moves for position c1
2024-04-16 20:20:47,219 - DEBUG - Generating pseudo-legal moves for position c1
2024-04-16 20:20:47,219 - DEBUG - Generating pseudo-legal moves for position c1
2024-04-16 20:20:47,219 - DEBUG - Getting piece at position: c1
2024-04-16 20:20:47,219 - DEBUG - Getting piece at position: c1
2024-04-16 20:20:47,219 - DEBUG - Getting piece at position: c1
2024-04-16 20:20:47,219 - DEBUG - Getting piece at position: c1
2024-04-16 20:20:47,219 - DEBUG - Getting piece at position: c1
2024-04-16 20:20:47,219 - DEBUG - Piece retrieved: <class 'engine.pieces.King.King'> at c1
2024-04-16 20:20:47,219 - DEBUG - Piece retrieved: <class 'engine.pieces.King.King'> at c1
2024-04-16 20:20:47,219 - DEBUG - Piece retrieved: <class 'engine.pieces.King.King'> at c1
2024-04-16 20:20:47,219 - DEBUG - Piece retrieved: <class 'engine.pieces.King.King'> at c1
2024-04-16 20:20:47,219 - DEBUG - Piece retrieved: <class 'engine.pieces.King.King'> at c1
2024-04-16 20:20:47,219 - DEBUG - Getting piece at position: d1
2024-04-16 20:20:47,219 - DEBUG - Getting piece at position: d1
2024-04-16 20:20:47,219 - DEBUG - Getting piece at position: d1
2024-04-16 20:20:47,219 - DEBUG - Getting piece at position: d1
2024-04-16 20:20:47,219 - DEBUG - Getting piece at position: d1
2024-04-16 20:20:47,219 - DEBUG - Piece retrieved: None
2024-04-16 20:20:47,219 - DEBUG - Piece retrieved: None
2024-04-16 20:20:47,219 - DEBUG - Piece retrieved: None
2024-04-16 20:20:47,219 - DEBUG - Piece retrieved: None
2024-04-16 20:20:47,219 - DEBUG - Piece retrieved: None
2024-04-16 20:20:47,219 - DEBUG - Getting castlable moves for king at c1
2024-04-16 20:20:47,219 - DEBUG - Getting castlable moves for king at c1
2024-04-16 20:20:47,219 - DEBUG - Getting castlable moves for king at c1
2024-04-16 20:20:47,219 - DEBUG - Getting castlable moves for king at c1
2024-04-16 20:20:47,219 - DEBUG - Getting castlable moves for king at c1
2024-04-16 20:20:47,219 - DEBUG - Getting piece at position: b1
2024-04-16 20:20:47,219 - DEBUG - Getting piece at position: b1
2024-04-16 20:20:47,219 - DEBUG - Getting piece at position: b1
2024-04-16 20:20:47,219 - DEBUG - Getting piece at position: b1
2024-04-16 20:20:47,219 - DEBUG - Getting piece at position: b1
2024-04-16 20:20:47,219 - DEBUG - Piece retrieved: None
2024-04-16 20:20:47,219 - DEBUG - Piece retrieved: None
2024-04-16 20:20:47,219 - DEBUG - Piece retrieved: None
2024-04-16 20:20:47,219 - DEBUG - Piece retrieved: None
2024-04-16 20:20:47,219 - DEBUG - Piece retrieved: None
2024-04-16 20:20:47,219 - DEBUG - Getting castlable moves for king at c1
2024-04-16 20:20:47,219 - DEBUG - Getting castlable moves for king at c1
2024-04-16 20:20:47,219 - DEBUG - Getting castlable moves for king at c1
2024-04-16 20:20:47,219 - DEBUG - Getting castlable moves for king at c1
2024-04-16 20:20:47,219 - DEBUG - Getting castlable moves for king at c1
2024-04-16 20:20:47,219 - DEBUG - Getting piece at position: c2
2024-04-16 20:20:47,219 - DEBUG - Getting piece at position: c2
2024-04-16 20:20:47,219 - DEBUG - Getting piece at position: c2
2024-04-16 20:20:47,219 - DEBUG - Getting piece at position: c2
2024-04-16 20:20:47,219 - DEBUG - Getting piece at position: c2
2024-04-16 20:20:47,219 - DEBUG - Piece retrieved: None
2024-04-16 20:20:47,219 - DEBUG - Piece retrieved: None
2024-04-16 20:20:47,219 - DEBUG - Piece retrieved: None
2024-04-16 20:20:47,219 - DEBUG - Piece retrieved: None
2024-04-16 20:20:47,219 - DEBUG - Piece retrieved: None
2024-04-16 20:20:47,219 - DEBUG - Getting castlable moves for king at c1
2024-04-16 20:20:47,219 - DEBUG - Getting castlable moves for king at c1
2024-04-16 20:20:47,219 - DEBUG - Getting castlable moves for king at c1
2024-04-16 20:20:47,219 - DEBUG - Getting castlable moves for king at c1
2024-04-16 20:20:47,219 - DEBUG - Getting castlable moves for king at c1
2024-04-16 20:20:47,219 - DEBUG - Getting piece at position: b2
2024-04-16 20:20:47,219 - DEBUG - Getting piece at position: b2
2024-04-16 20:20:47,219 - DEBUG - Getting piece at position: b2
2024-04-16 20:20:47,219 - DEBUG - Getting piece at position: b2
2024-04-16 20:20:47,219 - DEBUG - Getting piece at position: b2
2024-04-16 20:20:47,219 - DEBUG - Piece retrieved: None
2024-04-16 20:20:47,219 - DEBUG - Piece retrieved: None
2024-04-16 20:20:47,219 - DEBUG - Piece retrieved: None
2024-04-16 20:20:47,219 - DEBUG - Piece retrieved: None
2024-04-16 20:20:47,219 - DEBUG - Piece retrieved: None
2024-04-16 20:20:47,219 - DEBUG - Getting castlable moves for king at c1
2024-04-16 20:20:47,219 - DEBUG - Getting castlable moves for king at c1
2024-04-16 20:20:47,219 - DEBUG - Getting castlable moves for king at c1
2024-04-16 20:20:47,219 - DEBUG - Getting castlable moves for king at c1
2024-04-16 20:20:47,219 - DEBUG - Getting castlable moves for king at c1
2024-04-16 20:20:47,219 - DEBUG - Getting piece at position: d2
2024-04-16 20:20:47,219 - DEBUG - Getting piece at position: d2
2024-04-16 20:20:47,219 - DEBUG - Getting piece at position: d2
2024-04-16 20:20:47,219 - DEBUG - Getting piece at position: d2
2024-04-16 20:20:47,219 - DEBUG - Getting piece at position: d2
2024-04-16 20:20:47,219 - DEBUG - Piece retrieved: None
2024-04-16 20:20:47,219 - DEBUG - Piece retrieved: None
2024-04-16 20:20:47,219 - DEBUG - Piece retrieved: None
2024-04-16 20:20:47,219 - DEBUG - Piece retrieved: None
2024-04-16 20:20:47,219 - DEBUG - Piece retrieved: None
2024-04-16 20:20:47,219 - DEBUG - Getting castlable moves for king at c1
2024-04-16 20:20:47,219 - DEBUG - Getting castlable moves for king at c1
2024-04-16 20:20:47,219 - DEBUG - Getting castlable moves for king at c1
2024-04-16 20:20:47,219 - DEBUG - Getting castlable moves for king at c1
2024-04-16 20:20:47,219 - DEBUG - Getting castlable moves for king at c1
2024-04-16 20:20:47,220 - DEBUG - Generated pseudo legal moves for c1: [b2, d2, d1, c2, b1]
2024-04-16 20:20:47,220 - DEBUG - Generated pseudo legal moves for c1: [b2, d2, d1, c2, b1]
2024-04-16 20:20:47,220 - DEBUG - Generated pseudo legal moves for c1: [b2, d2, d1, c2, b1]
2024-04-16 20:20:47,220 - DEBUG - Generated pseudo legal moves for c1: [b2, d2, d1, c2, b1]
2024-04-16 20:20:47,220 - DEBUG - Generated pseudo legal moves for c1: [b2, d2, d1, c2, b1]
2024-04-16 20:20:47,220 - DEBUG - Checking if move: c1 -> b2 is legal..
2024-04-16 20:20:47,220 - DEBUG - Checking if move: c1 -> b2 is legal..
2024-04-16 20:20:47,220 - DEBUG - Checking if move: c1 -> b2 is legal..
2024-04-16 20:20:47,220 - DEBUG - Checking if move: c1 -> b2 is legal..
2024-04-16 20:20:47,220 - DEBUG - Checking if move: c1 -> b2 is legal..
2024-04-16 20:20:47,220 - DEBUG - Board state after simulated move:
. . . . . . . . 
. . . . . . . . 
. . . . . . . . 
. . . . . . . . 
♟︎ . . . . ♔ . . 
. . . . . . . . 
. ♚ . . . . . . 
♜ . . . . . . . 

2024-04-16 20:20:47,220 - DEBUG - Board state after simulated move:
. . . . . . . . 
. . . . . . . . 
. . . . . . . . 
. . . . . . . . 
♟︎ . . . . ♔ . . 
. . . . . . . . 
. ♚ . . . . . . 
♜ . . . . . . . 

2024-04-16 20:20:47,220 - DEBUG - Board state after simulated move:
. . . . . . . . 
. . . . . . . . 
. . . . . . . . 
. . . . . . . . 
♟︎ . . . . ♔ . . 
. . . . . . . . 
. ♚ . . . . . . 
♜ . . . . . . . 

2024-04-16 20:20:47,220 - DEBUG - Board state after simulated move:
. . . . . . . . 
. . . . . . . . 
. . . . . . . . 
. . . . . . . . 
♟︎ . . . . ♔ . . 
. . . . . . . . 
. ♚ . . . . . . 
♜ . . . . . . . 

2024-04-16 20:20:47,220 - DEBUG - Board state after simulated move:
. . . . . . . . 
. . . . . . . . 
. . . . . . . . 
. . . . . . . . 
♟︎ . . . . ♔ . . 
. . . . . . . . 
. ♚ . . . . . . 
♜ . . . . . . . 

2024-04-16 20:20:47,220 - DEBUG - Checking if king is in check for BLACK from is move legal
2024-04-16 20:20:47,220 - DEBUG - Checking if king is in check for BLACK from is move legal
2024-04-16 20:20:47,220 - DEBUG - Checking if king is in check for BLACK from is move legal
2024-04-16 20:20:47,220 - DEBUG - Checking if king is in check for BLACK from is move legal
2024-04-16 20:20:47,220 - DEBUG - Checking if king is in check for BLACK from is move legal
2024-04-16 20:20:47,221 - DEBUG - King is not in check, legal move.
2024-04-16 20:20:47,221 - DEBUG - King is not in check, legal move.
2024-04-16 20:20:47,221 - DEBUG - King is not in check, legal move.
2024-04-16 20:20:47,221 - DEBUG - King is not in check, legal move.
2024-04-16 20:20:47,221 - DEBUG - King is not in check, legal move.
2024-04-16 20:20:47,221 - DEBUG - Getting piece at position: c1
2024-04-16 20:20:47,221 - DEBUG - Getting piece at position: c1
2024-04-16 20:20:47,221 - DEBUG - Getting piece at position: c1
2024-04-16 20:20:47,221 - DEBUG - Getting piece at position: c1
2024-04-16 20:20:47,221 - DEBUG - Getting piece at position: c1
2024-04-16 20:20:47,221 - DEBUG - Piece retrieved: <class 'engine.pieces.King.King'> at c1
2024-04-16 20:20:47,221 - DEBUG - Piece retrieved: <class 'engine.pieces.King.King'> at c1
2024-04-16 20:20:47,221 - DEBUG - Piece retrieved: <class 'engine.pieces.King.King'> at c1
2024-04-16 20:20:47,221 - DEBUG - Piece retrieved: <class 'engine.pieces.King.King'> at c1
2024-04-16 20:20:47,221 - DEBUG - Piece retrieved: <class 'engine.pieces.King.King'> at c1
2024-04-16 20:20:47,221 - DEBUG - Checking if move: c1 -> d2 is legal..
2024-04-16 20:20:47,221 - DEBUG - Checking if move: c1 -> d2 is legal..
2024-04-16 20:20:47,221 - DEBUG - Checking if move: c1 -> d2 is legal..
2024-04-16 20:20:47,221 - DEBUG - Checking if move: c1 -> d2 is legal..
2024-04-16 20:20:47,221 - DEBUG - Checking if move: c1 -> d2 is legal..
2024-04-16 20:20:47,222 - DEBUG - Board state after simulated move:
. . . . . . . . 
. . . . . . . . 
. . . . . . . . 
. . . . . . . . 
♟︎ . . . . ♔ . . 
. . . . . . . . 
. . . ♚ . . . . 
♜ . . . . . . . 

2024-04-16 20:20:47,222 - DEBUG - Board state after simulated move:
. . . . . . . . 
. . . . . . . . 
. . . . . . . . 
. . . . . . . . 
♟︎ . . . . ♔ . . 
. . . . . . . . 
. . . ♚ . . . . 
♜ . . . . . . . 

2024-04-16 20:20:47,222 - DEBUG - Board state after simulated move:
. . . . . . . . 
. . . . . . . . 
. . . . . . . . 
. . . . . . . . 
♟︎ . . . . ♔ . . 
. . . . . . . . 
. . . ♚ . . . . 
♜ . . . . . . . 

2024-04-16 20:20:47,222 - DEBUG - Board state after simulated move:
. . . . . . . . 
. . . . . . . . 
. . . . . . . . 
. . . . . . . . 
♟︎ . . . . ♔ . . 
. . . . . . . . 
. . . ♚ . . . . 
♜ . . . . . . . 

2024-04-16 20:20:47,222 - DEBUG - Board state after simulated move:
. . . . . . . . 
. . . . . . . . 
. . . . . . . . 
. . . . . . . . 
♟︎ . . . . ♔ . . 
. . . . . . . . 
. . . ♚ . . . . 
♜ . . . . . . . 

2024-04-16 20:20:47,222 - DEBUG - Checking if king is in check for BLACK from is move legal
2024-04-16 20:20:47,222 - DEBUG - Checking if king is in check for BLACK from is move legal
2024-04-16 20:20:47,222 - DEBUG - Checking if king is in check for BLACK from is move legal
2024-04-16 20:20:47,222 - DEBUG - Checking if king is in check for BLACK from is move legal
2024-04-16 20:20:47,222 - DEBUG - Checking if king is in check for BLACK from is move legal
2024-04-16 20:20:47,222 - DEBUG - King is not in check, legal move.
2024-04-16 20:20:47,222 - DEBUG - King is not in check, legal move.
2024-04-16 20:20:47,222 - DEBUG - King is not in check, legal move.
2024-04-16 20:20:47,222 - DEBUG - King is not in check, legal move.
2024-04-16 20:20:47,222 - DEBUG - King is not in check, legal move.
2024-04-16 20:20:47,222 - DEBUG - Getting piece at position: c1
2024-04-16 20:20:47,222 - DEBUG - Getting piece at position: c1
2024-04-16 20:20:47,222 - DEBUG - Getting piece at position: c1
2024-04-16 20:20:47,222 - DEBUG - Getting piece at position: c1
2024-04-16 20:20:47,222 - DEBUG - Getting piece at position: c1
2024-04-16 20:20:47,222 - DEBUG - Piece retrieved: <class 'engine.pieces.King.King'> at c1
2024-04-16 20:20:47,222 - DEBUG - Piece retrieved: <class 'engine.pieces.King.King'> at c1
2024-04-16 20:20:47,222 - DEBUG - Piece retrieved: <class 'engine.pieces.King.King'> at c1
2024-04-16 20:20:47,222 - DEBUG - Piece retrieved: <class 'engine.pieces.King.King'> at c1
2024-04-16 20:20:47,222 - DEBUG - Piece retrieved: <class 'engine.pieces.King.King'> at c1
2024-04-16 20:20:47,222 - DEBUG - Checking if move: c1 -> d1 is legal..
2024-04-16 20:20:47,222 - DEBUG - Checking if move: c1 -> d1 is legal..
2024-04-16 20:20:47,222 - DEBUG - Checking if move: c1 -> d1 is legal..
2024-04-16 20:20:47,222 - DEBUG - Checking if move: c1 -> d1 is legal..
2024-04-16 20:20:47,222 - DEBUG - Checking if move: c1 -> d1 is legal..
2024-04-16 20:20:47,223 - DEBUG - Board state after simulated move:
. . . . . . . . 
. . . . . . . . 
. . . . . . . . 
. . . . . . . . 
♟︎ . . . . ♔ . . 
. . . . . . . . 
. . . . . . . . 
♜ . . ♚ . . . . 

2024-04-16 20:20:47,223 - DEBUG - Board state after simulated move:
. . . . . . . . 
. . . . . . . . 
. . . . . . . . 
. . . . . . . . 
♟︎ . . . . ♔ . . 
. . . . . . . . 
. . . . . . . . 
♜ . . ♚ . . . . 

2024-04-16 20:20:47,223 - DEBUG - Board state after simulated move:
. . . . . . . . 
. . . . . . . . 
. . . . . . . . 
. . . . . . . . 
♟︎ . . . . ♔ . . 
. . . . . . . . 
. . . . . . . . 
♜ . . ♚ . . . . 

2024-04-16 20:20:47,223 - DEBUG - Board state after simulated move:
. . . . . . . . 
. . . . . . . . 
. . . . . . . . 
. . . . . . . . 
♟︎ . . . . ♔ . . 
. . . . . . . . 
. . . . . . . . 
♜ . . ♚ . . . . 

2024-04-16 20:20:47,223 - DEBUG - Board state after simulated move:
. . . . . . . . 
. . . . . . . . 
. . . . . . . . 
. . . . . . . . 
♟︎ . . . . ♔ . . 
. . . . . . . . 
. . . . . . . . 
♜ . . ♚ . . . . 

2024-04-16 20:20:47,223 - DEBUG - Checking if king is in check for BLACK from is move legal
2024-04-16 20:20:47,223 - DEBUG - Checking if king is in check for BLACK from is move legal
2024-04-16 20:20:47,223 - DEBUG - Checking if king is in check for BLACK from is move legal
2024-04-16 20:20:47,223 - DEBUG - Checking if king is in check for BLACK from is move legal
2024-04-16 20:20:47,223 - DEBUG - Checking if king is in check for BLACK from is move legal
2024-04-16 20:20:47,223 - DEBUG - King is not in check, legal move.
2024-04-16 20:20:47,223 - DEBUG - King is not in check, legal move.
2024-04-16 20:20:47,223 - DEBUG - King is not in check, legal move.
2024-04-16 20:20:47,223 - DEBUG - King is not in check, legal move.
2024-04-16 20:20:47,223 - DEBUG - King is not in check, legal move.
2024-04-16 20:20:47,223 - DEBUG - Getting piece at position: c1
2024-04-16 20:20:47,223 - DEBUG - Getting piece at position: c1
2024-04-16 20:20:47,223 - DEBUG - Getting piece at position: c1
2024-04-16 20:20:47,223 - DEBUG - Getting piece at position: c1
2024-04-16 20:20:47,223 - DEBUG - Getting piece at position: c1
2024-04-16 20:20:47,223 - DEBUG - Piece retrieved: <class 'engine.pieces.King.King'> at c1
2024-04-16 20:20:47,223 - DEBUG - Piece retrieved: <class 'engine.pieces.King.King'> at c1
2024-04-16 20:20:47,223 - DEBUG - Piece retrieved: <class 'engine.pieces.King.King'> at c1
2024-04-16 20:20:47,223 - DEBUG - Piece retrieved: <class 'engine.pieces.King.King'> at c1
2024-04-16 20:20:47,223 - DEBUG - Piece retrieved: <class 'engine.pieces.King.King'> at c1
2024-04-16 20:20:47,223 - DEBUG - Checking if move: c1 -> c2 is legal..
2024-04-16 20:20:47,223 - DEBUG - Checking if move: c1 -> c2 is legal..
2024-04-16 20:20:47,223 - DEBUG - Checking if move: c1 -> c2 is legal..
2024-04-16 20:20:47,223 - DEBUG - Checking if move: c1 -> c2 is legal..
2024-04-16 20:20:47,223 - DEBUG - Checking if move: c1 -> c2 is legal..
2024-04-16 20:20:47,224 - DEBUG - Board state after simulated move:
. . . . . . . . 
. . . . . . . . 
. . . . . . . . 
. . . . . . . . 
♟︎ . . . . ♔ . . 
. . . . . . . . 
. . ♚ . . . . . 
♜ . . . . . . . 

2024-04-16 20:20:47,224 - DEBUG - Board state after simulated move:
. . . . . . . . 
. . . . . . . . 
. . . . . . . . 
. . . . . . . . 
♟︎ . . . . ♔ . . 
. . . . . . . . 
. . ♚ . . . . . 
♜ . . . . . . . 

2024-04-16 20:20:47,224 - DEBUG - Board state after simulated move:
. . . . . . . . 
. . . . . . . . 
. . . . . . . . 
. . . . . . . . 
♟︎ . . . . ♔ . . 
. . . . . . . . 
. . ♚ . . . . . 
♜ . . . . . . . 

2024-04-16 20:20:47,224 - DEBUG - Board state after simulated move:
. . . . . . . . 
. . . . . . . . 
. . . . . . . . 
. . . . . . . . 
♟︎ . . . . ♔ . . 
. . . . . . . . 
. . ♚ . . . . . 
♜ . . . . . . . 

2024-04-16 20:20:47,224 - DEBUG - Board state after simulated move:
. . . . . . . . 
. . . . . . . . 
. . . . . . . . 
. . . . . . . . 
♟︎ . . . . ♔ . . 
. . . . . . . . 
. . ♚ . . . . . 
♜ . . . . . . . 

2024-04-16 20:20:47,224 - DEBUG - Checking if king is in check for BLACK from is move legal
2024-04-16 20:20:47,224 - DEBUG - Checking if king is in check for BLACK from is move legal
2024-04-16 20:20:47,224 - DEBUG - Checking if king is in check for BLACK from is move legal
2024-04-16 20:20:47,224 - DEBUG - Checking if king is in check for BLACK from is move legal
2024-04-16 20:20:47,224 - DEBUG - Checking if king is in check for BLACK from is move legal
2024-04-16 20:20:47,224 - DEBUG - King is not in check, legal move.
2024-04-16 20:20:47,224 - DEBUG - King is not in check, legal move.
2024-04-16 20:20:47,224 - DEBUG - King is not in check, legal move.
2024-04-16 20:20:47,224 - DEBUG - King is not in check, legal move.
2024-04-16 20:20:47,224 - DEBUG - King is not in check, legal move.
2024-04-16 20:20:47,224 - DEBUG - Getting piece at position: c1
2024-04-16 20:20:47,224 - DEBUG - Getting piece at position: c1
2024-04-16 20:20:47,224 - DEBUG - Getting piece at position: c1
2024-04-16 20:20:47,224 - DEBUG - Getting piece at position: c1
2024-04-16 20:20:47,224 - DEBUG - Getting piece at position: c1
2024-04-16 20:20:47,224 - DEBUG - Piece retrieved: <class 'engine.pieces.King.King'> at c1
2024-04-16 20:20:47,224 - DEBUG - Piece retrieved: <class 'engine.pieces.King.King'> at c1
2024-04-16 20:20:47,224 - DEBUG - Piece retrieved: <class 'engine.pieces.King.King'> at c1
2024-04-16 20:20:47,224 - DEBUG - Piece retrieved: <class 'engine.pieces.King.King'> at c1
2024-04-16 20:20:47,224 - DEBUG - Piece retrieved: <class 'engine.pieces.King.King'> at c1
2024-04-16 20:20:47,225 - DEBUG - Checking if move: c1 -> b1 is legal..
2024-04-16 20:20:47,225 - DEBUG - Checking if move: c1 -> b1 is legal..
2024-04-16 20:20:47,225 - DEBUG - Checking if move: c1 -> b1 is legal..
2024-04-16 20:20:47,225 - DEBUG - Checking if move: c1 -> b1 is legal..
2024-04-16 20:20:47,225 - DEBUG - Checking if move: c1 -> b1 is legal..
2024-04-16 20:20:47,225 - DEBUG - Board state after simulated move:
. . . . . . . . 
. . . . . . . . 
. . . . . . . . 
. . . . . . . . 
♟︎ . . . . ♔ . . 
. . . . . . . . 
. . . . . . . . 
♜ ♚ . . . . . . 

2024-04-16 20:20:47,225 - DEBUG - Board state after simulated move:
. . . . . . . . 
. . . . . . . . 
. . . . . . . . 
. . . . . . . . 
♟︎ . . . . ♔ . . 
. . . . . . . . 
. . . . . . . . 
♜ ♚ . . . . . . 

2024-04-16 20:20:47,225 - DEBUG - Board state after simulated move:
. . . . . . . . 
. . . . . . . . 
. . . . . . . . 
. . . . . . . . 
♟︎ . . . . ♔ . . 
. . . . . . . . 
. . . . . . . . 
♜ ♚ . . . . . . 

2024-04-16 20:20:47,225 - DEBUG - Board state after simulated move:
. . . . . . . . 
. . . . . . . . 
. . . . . . . . 
. . . . . . . . 
♟︎ . . . . ♔ . . 
. . . . . . . . 
. . . . . . . . 
♜ ♚ . . . . . . 

2024-04-16 20:20:47,225 - DEBUG - Board state after simulated move:
. . . . . . . . 
. . . . . . . . 
. . . . . . . . 
. . . . . . . . 
♟︎ . . . . ♔ . . 
. . . . . . . . 
. . . . . . . . 
♜ ♚ . . . . . . 

2024-04-16 20:20:47,225 - DEBUG - Checking if king is in check for BLACK from is move legal
2024-04-16 20:20:47,225 - DEBUG - Checking if king is in check for BLACK from is move legal
2024-04-16 20:20:47,225 - DEBUG - Checking if king is in check for BLACK from is move legal
2024-04-16 20:20:47,225 - DEBUG - Checking if king is in check for BLACK from is move legal
2024-04-16 20:20:47,225 - DEBUG - Checking if king is in check for BLACK from is move legal
2024-04-16 20:20:47,225 - DEBUG - King is not in check, legal move.
2024-04-16 20:20:47,225 - DEBUG - King is not in check, legal move.
2024-04-16 20:20:47,225 - DEBUG - King is not in check, legal move.
2024-04-16 20:20:47,225 - DEBUG - King is not in check, legal move.
2024-04-16 20:20:47,225 - DEBUG - King is not in check, legal move.
2024-04-16 20:20:47,225 - DEBUG - Getting piece at position: c1
2024-04-16 20:20:47,225 - DEBUG - Getting piece at position: c1
2024-04-16 20:20:47,225 - DEBUG - Getting piece at position: c1
2024-04-16 20:20:47,225 - DEBUG - Getting piece at position: c1
2024-04-16 20:20:47,225 - DEBUG - Getting piece at position: c1
2024-04-16 20:20:47,226 - DEBUG - Piece retrieved: <class 'engine.pieces.King.King'> at c1
2024-04-16 20:20:47,226 - DEBUG - Piece retrieved: <class 'engine.pieces.King.King'> at c1
2024-04-16 20:20:47,226 - DEBUG - Piece retrieved: <class 'engine.pieces.King.King'> at c1
2024-04-16 20:20:47,226 - DEBUG - Piece retrieved: <class 'engine.pieces.King.King'> at c1
2024-04-16 20:20:47,226 - DEBUG - Piece retrieved: <class 'engine.pieces.King.King'> at c1
2024-04-16 20:20:47,226 - DEBUG - Legal moves for position c1: [k: c1 -> d2 , k: c1 -> b2 , k: c1 -> b1 , k: c1 -> c2 , k: c1 -> d1 ]
2024-04-16 20:20:47,226 - DEBUG - Legal moves for position c1: [k: c1 -> d2 , k: c1 -> b2 , k: c1 -> b1 , k: c1 -> c2 , k: c1 -> d1 ]
2024-04-16 20:20:47,226 - DEBUG - Legal moves for position c1: [k: c1 -> d2 , k: c1 -> b2 , k: c1 -> b1 , k: c1 -> c2 , k: c1 -> d1 ]
2024-04-16 20:20:47,226 - DEBUG - Legal moves for position c1: [k: c1 -> d2 , k: c1 -> b2 , k: c1 -> b1 , k: c1 -> c2 , k: c1 -> d1 ]
2024-04-16 20:20:47,226 - DEBUG - Legal moves for position c1: [k: c1 -> d2 , k: c1 -> b2 , k: c1 -> b1 , k: c1 -> c2 , k: c1 -> d1 ]
2024-04-16 20:20:47,226 - DEBUG - All legal moves for black: [r: a1 -> a2 , r: a1 -> b1 , k: c1 -> d2 , r: a1 -> a3 , k: c1 -> b2 , p: a4 -> a3 , k: c1 -> b1 , k: c1 -> c2 , k: c1 -> d1 ]
2024-04-16 20:20:47,226 - DEBUG - All legal moves for black: [r: a1 -> a2 , r: a1 -> b1 , k: c1 -> d2 , r: a1 -> a3 , k: c1 -> b2 , p: a4 -> a3 , k: c1 -> b1 , k: c1 -> c2 , k: c1 -> d1 ]
2024-04-16 20:20:47,226 - DEBUG - All legal moves for black: [r: a1 -> a2 , r: a1 -> b1 , k: c1 -> d2 , r: a1 -> a3 , k: c1 -> b2 , p: a4 -> a3 , k: c1 -> b1 , k: c1 -> c2 , k: c1 -> d1 ]
2024-04-16 20:20:47,226 - DEBUG - All legal moves for black: [r: a1 -> a2 , r: a1 -> b1 , k: c1 -> d2 , r: a1 -> a3 , k: c1 -> b2 , p: a4 -> a3 , k: c1 -> b1 , k: c1 -> c2 , k: c1 -> d1 ]
2024-04-16 20:20:47,226 - DEBUG - All legal moves for black: [r: a1 -> a2 , r: a1 -> b1 , k: c1 -> d2 , r: a1 -> a3 , k: c1 -> b2 , p: a4 -> a3 , k: c1 -> b1 , k: c1 -> c2 , k: c1 -> d1 ]
2024-04-16 20:20:47,227 - DEBUG - Initializing Board with FEN: 8/8/8/8/8/q7/8/K1k5 w - - 0 1
2024-04-16 20:20:47,227 - DEBUG - Initializing Board with FEN: 8/8/8/8/8/q7/8/K1k5 w - - 0 1
2024-04-16 20:20:47,227 - DEBUG - Initializing Board with FEN: 8/8/8/8/8/q7/8/K1k5 w - - 0 1
2024-04-16 20:20:47,227 - DEBUG - Initializing Board with FEN: 8/8/8/8/8/q7/8/K1k5 w - - 0 1
2024-04-16 20:20:47,227 - DEBUG - Initializing Board with FEN: 8/8/8/8/8/q7/8/K1k5 w - - 0 1
2024-04-16 20:20:47,227 - DEBUG - Initializing Board with FEN: 8/8/8/8/8/q7/8/K1k5 w - - 0 1
2024-04-16 20:20:47,227 - DEBUG - Board initialized with FEN: 8/8/8/8/8/q7/8/K1k5 w - - 0 1
2024-04-16 20:20:47,227 - DEBUG - Board initialized with FEN: 8/8/8/8/8/q7/8/K1k5 w - - 0 1
2024-04-16 20:20:47,227 - DEBUG - Board initialized with FEN: 8/8/8/8/8/q7/8/K1k5 w - - 0 1
2024-04-16 20:20:47,227 - DEBUG - Board initialized with FEN: 8/8/8/8/8/q7/8/K1k5 w - - 0 1
2024-04-16 20:20:47,227 - DEBUG - Board initialized with FEN: 8/8/8/8/8/q7/8/K1k5 w - - 0 1
2024-04-16 20:20:47,227 - DEBUG - Board initialized with FEN: 8/8/8/8/8/q7/8/K1k5 w - - 0 1
2024-04-16 20:20:47,227 - DEBUG - Initial board state:
. . . . . . . . 
. . . . . . . . 
. . . . . . . . 
. . . . . . . . 
. . . . . . . . 
♛ . . . . . . . 
. . . . . . . . 
♔ . ♚ . . . . . 

2024-04-16 20:20:47,227 - DEBUG - Initial board state:
. . . . . . . . 
. . . . . . . . 
. . . . . . . . 
. . . . . . . . 
. . . . . . . . 
♛ . . . . . . . 
. . . . . . . . 
♔ . ♚ . . . . . 

2024-04-16 20:20:47,227 - DEBUG - Initial board state:
. . . . . . . . 
. . . . . . . . 
. . . . . . . . 
. . . . . . . . 
. . . . . . . . 
♛ . . . . . . . 
. . . . . . . . 
♔ . ♚ . . . . . 

2024-04-16 20:20:47,227 - DEBUG - Initial board state:
. . . . . . . . 
. . . . . . . . 
. . . . . . . . 
. . . . . . . . 
. . . . . . . . 
♛ . . . . . . . 
. . . . . . . . 
♔ . ♚ . . . . . 

2024-04-16 20:20:47,227 - DEBUG - Initial board state:
. . . . . . . . 
. . . . . . . . 
. . . . . . . . 
. . . . . . . . 
. . . . . . . . 
♛ . . . . . . . 
. . . . . . . . 
♔ . ♚ . . . . . 

2024-04-16 20:20:47,227 - DEBUG - Initial board state:
. . . . . . . . 
. . . . . . . . 
. . . . . . . . 
. . . . . . . . 
. . . . . . . . 
♛ . . . . . . . 
. . . . . . . . 
♔ . ♚ . . . . . 

2024-04-16 20:20:47,227 - DEBUG - Getting all legal moves with origin for player: WHITE
2024-04-16 20:20:47,227 - DEBUG - Getting all legal moves with origin for player: WHITE
2024-04-16 20:20:47,227 - DEBUG - Getting all legal moves with origin for player: WHITE
2024-04-16 20:20:47,227 - DEBUG - Getting all legal moves with origin for player: WHITE
2024-04-16 20:20:47,227 - DEBUG - Getting all legal moves with origin for player: WHITE
2024-04-16 20:20:47,227 - DEBUG - Getting all legal moves with origin for player: WHITE
2024-04-16 20:20:47,227 - DEBUG - Getting pseudo legal with origin from get legal moves for a1
2024-04-16 20:20:47,227 - DEBUG - Getting pseudo legal with origin from get legal moves for a1
2024-04-16 20:20:47,227 - DEBUG - Getting pseudo legal with origin from get legal moves for a1
2024-04-16 20:20:47,227 - DEBUG - Getting pseudo legal with origin from get legal moves for a1
2024-04-16 20:20:47,227 - DEBUG - Getting pseudo legal with origin from get legal moves for a1
2024-04-16 20:20:47,227 - DEBUG - Getting pseudo legal with origin from get legal moves for a1
2024-04-16 20:20:47,228 - DEBUG - Generating pseudo-legal moves for position a1
2024-04-16 20:20:47,228 - DEBUG - Generating pseudo-legal moves for position a1
2024-04-16 20:20:47,228 - DEBUG - Generating pseudo-legal moves for position a1
2024-04-16 20:20:47,228 - DEBUG - Generating pseudo-legal moves for position a1
2024-04-16 20:20:47,228 - DEBUG - Generating pseudo-legal moves for position a1
2024-04-16 20:20:47,228 - DEBUG - Generating pseudo-legal moves for position a1
2024-04-16 20:20:47,228 - DEBUG - Getting piece at position: a1
2024-04-16 20:20:47,228 - DEBUG - Getting piece at position: a1
2024-04-16 20:20:47,228 - DEBUG - Getting piece at position: a1
2024-04-16 20:20:47,228 - DEBUG - Getting piece at position: a1
2024-04-16 20:20:47,228 - DEBUG - Getting piece at position: a1
2024-04-16 20:20:47,228 - DEBUG - Getting piece at position: a1
2024-04-16 20:20:47,228 - DEBUG - Piece retrieved: <class 'engine.pieces.King.King'> at a1
2024-04-16 20:20:47,228 - DEBUG - Piece retrieved: <class 'engine.pieces.King.King'> at a1
2024-04-16 20:20:47,228 - DEBUG - Piece retrieved: <class 'engine.pieces.King.King'> at a1
2024-04-16 20:20:47,228 - DEBUG - Piece retrieved: <class 'engine.pieces.King.King'> at a1
2024-04-16 20:20:47,228 - DEBUG - Piece retrieved: <class 'engine.pieces.King.King'> at a1
2024-04-16 20:20:47,228 - DEBUG - Piece retrieved: <class 'engine.pieces.King.King'> at a1
2024-04-16 20:20:47,228 - DEBUG - Getting piece at position: b1
2024-04-16 20:20:47,228 - DEBUG - Getting piece at position: b1
2024-04-16 20:20:47,228 - DEBUG - Getting piece at position: b1
2024-04-16 20:20:47,228 - DEBUG - Getting piece at position: b1
2024-04-16 20:20:47,228 - DEBUG - Getting piece at position: b1
2024-04-16 20:20:47,228 - DEBUG - Getting piece at position: b1
2024-04-16 20:20:47,228 - DEBUG - Piece retrieved: None
2024-04-16 20:20:47,228 - DEBUG - Piece retrieved: None
2024-04-16 20:20:47,228 - DEBUG - Piece retrieved: None
2024-04-16 20:20:47,228 - DEBUG - Piece retrieved: None
2024-04-16 20:20:47,228 - DEBUG - Piece retrieved: None
2024-04-16 20:20:47,228 - DEBUG - Piece retrieved: None
2024-04-16 20:20:47,228 - DEBUG - Getting castlable moves for king at a1
2024-04-16 20:20:47,228 - DEBUG - Getting castlable moves for king at a1
2024-04-16 20:20:47,228 - DEBUG - Getting castlable moves for king at a1
2024-04-16 20:20:47,228 - DEBUG - Getting castlable moves for king at a1
2024-04-16 20:20:47,228 - DEBUG - Getting castlable moves for king at a1
2024-04-16 20:20:47,228 - DEBUG - Getting castlable moves for king at a1
2024-04-16 20:20:47,228 - DEBUG - Getting piece at position: a2
2024-04-16 20:20:47,228 - DEBUG - Getting piece at position: a2
2024-04-16 20:20:47,228 - DEBUG - Getting piece at position: a2
2024-04-16 20:20:47,228 - DEBUG - Getting piece at position: a2
2024-04-16 20:20:47,228 - DEBUG - Getting piece at position: a2
2024-04-16 20:20:47,228 - DEBUG - Getting piece at position: a2
2024-04-16 20:20:47,228 - DEBUG - Piece retrieved: None
2024-04-16 20:20:47,228 - DEBUG - Piece retrieved: None
2024-04-16 20:20:47,228 - DEBUG - Piece retrieved: None
2024-04-16 20:20:47,228 - DEBUG - Piece retrieved: None
2024-04-16 20:20:47,228 - DEBUG - Piece retrieved: None
2024-04-16 20:20:47,228 - DEBUG - Piece retrieved: None
2024-04-16 20:20:47,228 - DEBUG - Getting castlable moves for king at a1
2024-04-16 20:20:47,228 - DEBUG - Getting castlable moves for king at a1
2024-04-16 20:20:47,228 - DEBUG - Getting castlable moves for king at a1
2024-04-16 20:20:47,228 - DEBUG - Getting castlable moves for king at a1
2024-04-16 20:20:47,228 - DEBUG - Getting castlable moves for king at a1
2024-04-16 20:20:47,228 - DEBUG - Getting castlable moves for king at a1
2024-04-16 20:20:47,228 - DEBUG - Getting piece at position: b2
2024-04-16 20:20:47,228 - DEBUG - Getting piece at position: b2
2024-04-16 20:20:47,228 - DEBUG - Getting piece at position: b2
2024-04-16 20:20:47,228 - DEBUG - Getting piece at position: b2
2024-04-16 20:20:47,228 - DEBUG - Getting piece at position: b2
2024-04-16 20:20:47,228 - DEBUG - Getting piece at position: b2
2024-04-16 20:20:47,228 - DEBUG - Piece retrieved: None
2024-04-16 20:20:47,228 - DEBUG - Piece retrieved: None
2024-04-16 20:20:47,228 - DEBUG - Piece retrieved: None
2024-04-16 20:20:47,228 - DEBUG - Piece retrieved: None
2024-04-16 20:20:47,228 - DEBUG - Piece retrieved: None
2024-04-16 20:20:47,228 - DEBUG - Piece retrieved: None
2024-04-16 20:20:47,228 - DEBUG - Getting castlable moves for king at a1
2024-04-16 20:20:47,228 - DEBUG - Getting castlable moves for king at a1
2024-04-16 20:20:47,228 - DEBUG - Getting castlable moves for king at a1
2024-04-16 20:20:47,228 - DEBUG - Getting castlable moves for king at a1
2024-04-16 20:20:47,228 - DEBUG - Getting castlable moves for king at a1
2024-04-16 20:20:47,228 - DEBUG - Getting castlable moves for king at a1
2024-04-16 20:20:47,228 - DEBUG - Generated pseudo legal moves for a1: [a2, b1, b2]
2024-04-16 20:20:47,228 - DEBUG - Generated pseudo legal moves for a1: [a2, b1, b2]
2024-04-16 20:20:47,228 - DEBUG - Generated pseudo legal moves for a1: [a2, b1, b2]
2024-04-16 20:20:47,228 - DEBUG - Generated pseudo legal moves for a1: [a2, b1, b2]
2024-04-16 20:20:47,228 - DEBUG - Generated pseudo legal moves for a1: [a2, b1, b2]
2024-04-16 20:20:47,228 - DEBUG - Generated pseudo legal moves for a1: [a2, b1, b2]
2024-04-16 20:20:47,229 - DEBUG - Checking if move: a1 -> a2 is legal..
2024-04-16 20:20:47,229 - DEBUG - Checking if move: a1 -> a2 is legal..
2024-04-16 20:20:47,229 - DEBUG - Checking if move: a1 -> a2 is legal..
2024-04-16 20:20:47,229 - DEBUG - Checking if move: a1 -> a2 is legal..
2024-04-16 20:20:47,229 - DEBUG - Checking if move: a1 -> a2 is legal..
2024-04-16 20:20:47,229 - DEBUG - Checking if move: a1 -> a2 is legal..
2024-04-16 20:20:47,229 - DEBUG - Board state after simulated move:
. . . . . . . . 
. . . . . . . . 
. . . . . . . . 
. . . . . . . . 
. . . . . . . . 
♛ . . . . . . . 
♔ . . . . . . . 
. . ♚ . . . . . 

2024-04-16 20:20:47,229 - DEBUG - Board state after simulated move:
. . . . . . . . 
. . . . . . . . 
. . . . . . . . 
. . . . . . . . 
. . . . . . . . 
♛ . . . . . . . 
♔ . . . . . . . 
. . ♚ . . . . . 

2024-04-16 20:20:47,229 - DEBUG - Board state after simulated move:
. . . . . . . . 
. . . . . . . . 
. . . . . . . . 
. . . . . . . . 
. . . . . . . . 
♛ . . . . . . . 
♔ . . . . . . . 
. . ♚ . . . . . 

2024-04-16 20:20:47,229 - DEBUG - Board state after simulated move:
. . . . . . . . 
. . . . . . . . 
. . . . . . . . 
. . . . . . . . 
. . . . . . . . 
♛ . . . . . . . 
♔ . . . . . . . 
. . ♚ . . . . . 

2024-04-16 20:20:47,229 - DEBUG - Board state after simulated move:
. . . . . . . . 
. . . . . . . . 
. . . . . . . . 
. . . . . . . . 
. . . . . . . . 
♛ . . . . . . . 
♔ . . . . . . . 
. . ♚ . . . . . 

2024-04-16 20:20:47,229 - DEBUG - Board state after simulated move:
. . . . . . . . 
. . . . . . . . 
. . . . . . . . 
. . . . . . . . 
. . . . . . . . 
♛ . . . . . . . 
♔ . . . . . . . 
. . ♚ . . . . . 

2024-04-16 20:20:47,229 - DEBUG - Checking if king is in check for WHITE from is move legal
2024-04-16 20:20:47,229 - DEBUG - Checking if king is in check for WHITE from is move legal
2024-04-16 20:20:47,229 - DEBUG - Checking if king is in check for WHITE from is move legal
2024-04-16 20:20:47,229 - DEBUG - Checking if king is in check for WHITE from is move legal
2024-04-16 20:20:47,229 - DEBUG - Checking if king is in check for WHITE from is move legal
2024-04-16 20:20:47,229 - DEBUG - Checking if king is in check for WHITE from is move legal
2024-04-16 20:20:47,230 - DEBUG - King is in check, illegal move.
2024-04-16 20:20:47,230 - DEBUG - King is in check, illegal move.
2024-04-16 20:20:47,230 - DEBUG - King is in check, illegal move.
2024-04-16 20:20:47,230 - DEBUG - King is in check, illegal move.
2024-04-16 20:20:47,230 - DEBUG - King is in check, illegal move.
2024-04-16 20:20:47,230 - DEBUG - King is in check, illegal move.
2024-04-16 20:20:47,230 - DEBUG - Checking if move: a1 -> b1 is legal..
2024-04-16 20:20:47,230 - DEBUG - Checking if move: a1 -> b1 is legal..
2024-04-16 20:20:47,230 - DEBUG - Checking if move: a1 -> b1 is legal..
2024-04-16 20:20:47,230 - DEBUG - Checking if move: a1 -> b1 is legal..
2024-04-16 20:20:47,230 - DEBUG - Checking if move: a1 -> b1 is legal..
2024-04-16 20:20:47,230 - DEBUG - Checking if move: a1 -> b1 is legal..
2024-04-16 20:20:47,230 - DEBUG - Board state after simulated move:
. . . . . . . . 
. . . . . . . . 
. . . . . . . . 
. . . . . . . . 
. . . . . . . . 
♛ . . . . . . . 
. . . . . . . . 
. ♔ ♚ . . . . . 

2024-04-16 20:20:47,230 - DEBUG - Board state after simulated move:
. . . . . . . . 
. . . . . . . . 
. . . . . . . . 
. . . . . . . . 
. . . . . . . . 
♛ . . . . . . . 
. . . . . . . . 
. ♔ ♚ . . . . . 

2024-04-16 20:20:47,230 - DEBUG - Board state after simulated move:
. . . . . . . . 
. . . . . . . . 
. . . . . . . . 
. . . . . . . . 
. . . . . . . . 
♛ . . . . . . . 
. . . . . . . . 
. ♔ ♚ . . . . . 

2024-04-16 20:20:47,230 - DEBUG - Board state after simulated move:
. . . . . . . . 
. . . . . . . . 
. . . . . . . . 
. . . . . . . . 
. . . . . . . . 
♛ . . . . . . . 
. . . . . . . . 
. ♔ ♚ . . . . . 

2024-04-16 20:20:47,230 - DEBUG - Board state after simulated move:
. . . . . . . . 
. . . . . . . . 
. . . . . . . . 
. . . . . . . . 
. . . . . . . . 
♛ . . . . . . . 
. . . . . . . . 
. ♔ ♚ . . . . . 

2024-04-16 20:20:47,230 - DEBUG - Board state after simulated move:
. . . . . . . . 
. . . . . . . . 
. . . . . . . . 
. . . . . . . . 
. . . . . . . . 
♛ . . . . . . . 
. . . . . . . . 
. ♔ ♚ . . . . . 

2024-04-16 20:20:47,230 - DEBUG - Checking if king is in check for WHITE from is move legal
2024-04-16 20:20:47,230 - DEBUG - Checking if king is in check for WHITE from is move legal
2024-04-16 20:20:47,230 - DEBUG - Checking if king is in check for WHITE from is move legal
2024-04-16 20:20:47,230 - DEBUG - Checking if king is in check for WHITE from is move legal
2024-04-16 20:20:47,230 - DEBUG - Checking if king is in check for WHITE from is move legal
2024-04-16 20:20:47,230 - DEBUG - Checking if king is in check for WHITE from is move legal
2024-04-16 20:20:47,231 - DEBUG - King is in check, illegal move.
2024-04-16 20:20:47,231 - DEBUG - King is in check, illegal move.
2024-04-16 20:20:47,231 - DEBUG - King is in check, illegal move.
2024-04-16 20:20:47,231 - DEBUG - King is in check, illegal move.
2024-04-16 20:20:47,231 - DEBUG - King is in check, illegal move.
2024-04-16 20:20:47,231 - DEBUG - King is in check, illegal move.
2024-04-16 20:20:47,231 - DEBUG - Checking if move: a1 -> b2 is legal..
2024-04-16 20:20:47,231 - DEBUG - Checking if move: a1 -> b2 is legal..
2024-04-16 20:20:47,231 - DEBUG - Checking if move: a1 -> b2 is legal..
2024-04-16 20:20:47,231 - DEBUG - Checking if move: a1 -> b2 is legal..
2024-04-16 20:20:47,231 - DEBUG - Checking if move: a1 -> b2 is legal..
2024-04-16 20:20:47,231 - DEBUG - Checking if move: a1 -> b2 is legal..
2024-04-16 20:20:47,231 - DEBUG - Board state after simulated move:
. . . . . . . . 
. . . . . . . . 
. . . . . . . . 
. . . . . . . . 
. . . . . . . . 
♛ . . . . . . . 
. ♔ . . . . . . 
. . ♚ . . . . . 

2024-04-16 20:20:47,231 - DEBUG - Board state after simulated move:
. . . . . . . . 
. . . . . . . . 
. . . . . . . . 
. . . . . . . . 
. . . . . . . . 
♛ . . . . . . . 
. ♔ . . . . . . 
. . ♚ . . . . . 

2024-04-16 20:20:47,231 - DEBUG - Board state after simulated move:
. . . . . . . . 
. . . . . . . . 
. . . . . . . . 
. . . . . . . . 
. . . . . . . . 
♛ . . . . . . . 
. ♔ . . . . . . 
. . ♚ . . . . . 

2024-04-16 20:20:47,231 - DEBUG - Board state after simulated move:
. . . . . . . . 
. . . . . . . . 
. . . . . . . . 
. . . . . . . . 
. . . . . . . . 
♛ . . . . . . . 
. ♔ . . . . . . 
. . ♚ . . . . . 

2024-04-16 20:20:47,231 - DEBUG - Board state after simulated move:
. . . . . . . . 
. . . . . . . . 
. . . . . . . . 
. . . . . . . . 
. . . . . . . . 
♛ . . . . . . . 
. ♔ . . . . . . 
. . ♚ . . . . . 

2024-04-16 20:20:47,231 - DEBUG - Board state after simulated move:
. . . . . . . . 
. . . . . . . . 
. . . . . . . . 
. . . . . . . . 
. . . . . . . . 
♛ . . . . . . . 
. ♔ . . . . . . 
. . ♚ . . . . . 

2024-04-16 20:20:47,231 - DEBUG - Checking if king is in check for WHITE from is move legal
2024-04-16 20:20:47,231 - DEBUG - Checking if king is in check for WHITE from is move legal
2024-04-16 20:20:47,231 - DEBUG - Checking if king is in check for WHITE from is move legal
2024-04-16 20:20:47,231 - DEBUG - Checking if king is in check for WHITE from is move legal
2024-04-16 20:20:47,231 - DEBUG - Checking if king is in check for WHITE from is move legal
2024-04-16 20:20:47,231 - DEBUG - Checking if king is in check for WHITE from is move legal
2024-04-16 20:20:47,232 - DEBUG - King is in check, illegal move.
2024-04-16 20:20:47,232 - DEBUG - King is in check, illegal move.
2024-04-16 20:20:47,232 - DEBUG - King is in check, illegal move.
2024-04-16 20:20:47,232 - DEBUG - King is in check, illegal move.
2024-04-16 20:20:47,232 - DEBUG - King is in check, illegal move.
2024-04-16 20:20:47,232 - DEBUG - King is in check, illegal move.
2024-04-16 20:20:47,232 - DEBUG - Legal moves for position a1: []
2024-04-16 20:20:47,232 - DEBUG - Legal moves for position a1: []
2024-04-16 20:20:47,232 - DEBUG - Legal moves for position a1: []
2024-04-16 20:20:47,232 - DEBUG - Legal moves for position a1: []
2024-04-16 20:20:47,232 - DEBUG - Legal moves for position a1: []
2024-04-16 20:20:47,232 - DEBUG - Legal moves for position a1: []
2024-04-16 20:20:47,232 - DEBUG - All legal moves for white: []
2024-04-16 20:20:47,232 - DEBUG - All legal moves for white: []
2024-04-16 20:20:47,232 - DEBUG - All legal moves for white: []
2024-04-16 20:20:47,232 - DEBUG - All legal moves for white: []
2024-04-16 20:20:47,232 - DEBUG - All legal moves for white: []
2024-04-16 20:20:47,232 - DEBUG - All legal moves for white: []
